{"name":"verify the Vtiger Login Page","status":"broken","statusDetails":{"known":false,"muted":false,"flaky":false,"message":"null value in entry: url=null","trace":"java.lang.NullPointerException: null value in entry: url=null\r\n\tat com.google.common.collect.CollectPreconditions.checkEntryNotNull(CollectPreconditions.java:32)\r\n\tat com.google.common.collect.SingletonImmutableBiMap.<init>(SingletonImmutableBiMap.java:42)\r\n\tat com.google.common.collect.ImmutableBiMap.of(ImmutableBiMap.java:72)\r\n\tat com.google.common.collect.ImmutableMap.of(ImmutableMap.java:124)\r\n\tat org.openqa.selenium.remote.RemoteWebDriver.get(RemoteWebDriver.java:277)\r\n\tat stepdefinition.LoginTestScript.i_navigate_to_application_Open_URL(LoginTestScript.java:30)\r\n\tat ✽.I navigate to application Open URL(file:src/test/resources/features/VtigerLogin.feature:6)\r\n"},"stage":"finished","steps":[{"name":"Given  I navigate to application Open URL","status":"broken","statusDetails":{"known":false,"muted":false,"flaky":false,"message":"null value in entry: url=null","trace":"java.lang.NullPointerException: null value in entry: url=null\r\n\tat com.google.common.collect.CollectPreconditions.checkEntryNotNull(CollectPreconditions.java:32)\r\n\tat com.google.common.collect.SingletonImmutableBiMap.<init>(SingletonImmutableBiMap.java:42)\r\n\tat com.google.common.collect.ImmutableBiMap.of(ImmutableBiMap.java:72)\r\n\tat com.google.common.collect.ImmutableMap.of(ImmutableMap.java:124)\r\n\tat org.openqa.selenium.remote.RemoteWebDriver.get(RemoteWebDriver.java:277)\r\n\tat stepdefinition.LoginTestScript.i_navigate_to_application_Open_URL(LoginTestScript.java:30)\r\n\tat ✽.I navigate to application Open URL(file:src/test/resources/features/VtigerLogin.feature:6)\r\n"},"stage":"finished","steps":[],"attachments":[],"parameters":[],"start":1667250362237,"stop":1667250377963},{"name":"When  User Enter Username and Password by click on Login Button","status":"skipped","statusDetails":{"known":false,"muted":false,"flaky":false},"stage":"finished","steps":[],"attachments":[],"parameters":[],"start":1667250377965,"stop":1667250377968},{"name":"Then  User is in VtigerCRM Home Page","status":"skipped","statusDetails":{"known":false,"muted":false,"flaky":false},"stage":"finished","steps":[],"attachments":[],"parameters":[],"start":1667250377968,"stop":1667250377970},{"name":"And  Login Sucessfully","statusDetails":{"known":false,"muted":false,"flaky":false,"message":"TODO: implement me","trace":"cucumber.api.PendingException: TODO: implement me\r\n\tat io.qameta.allure.cucumber4jvm.AllureCucumber4Jvm.handlePickleStep(AllureCucumber4Jvm.java:381)\r\n\tat io.qameta.allure.cucumber4jvm.AllureCucumber4Jvm.handleTestStepFinished(AllureCucumber4Jvm.java:233)\r\n\tat cucumber.runner.AbstractEventPublisher.send(AbstractEventPublisher.java:45)\r\n\tat cucumber.runner.AbstractEventBus.send(AbstractEventBus.java:9)\r\n\tat cucumber.runner.TimeServiceEventBus.send(TimeServiceEventBus.java:3)\r\n\tat cucumber.runner.ThreadLocalRunnerSupplier$SynchronizedEventBus.send(ThreadLocalRunnerSupplier.java:93)\r\n\tat cucumber.runner.ThreadLocalRunnerSupplier$LocalEventBus.send(ThreadLocalRunnerSupplier.java:61)\r\n\tat cucumber.runner.TestStep.run(TestStep.java:59)\r\n\tat cucumber.runner.PickleStepTestStep.run(PickleStepTestStep.java:43)\r\n\tat cucumber.runner.TestCase.run(TestCase.java:46)\r\n\tat cucumber.runner.Runner.runPickle(Runner.java:49)\r\n\tat cucumber.api.testng.TestNGCucumberRunner.runScenario(TestNGCucumberRunner.java:57)\r\n\tat cucumber.api.testng.AbstractTestNGCucumberTests.runScenario(AbstractTestNGCucumberTests.java:22)\r\n\tat java.base/jdk.internal.reflect.NativeMethodAccessorImpl.invoke0(Native Method)\r\n\tat java.base/jdk.internal.reflect.NativeMethodAccessorImpl.invoke(NativeMethodAccessorImpl.java:77)\r\n\tat java.base/jdk.internal.reflect.DelegatingMethodAccessorImpl.invoke(DelegatingMethodAccessorImpl.java:43)\r\n\tat java.base/java.lang.reflect.Method.invoke(Method.java:568)\r\n\tat org.testng.internal.MethodInvocationHelper.invokeMethod(MethodInvocationHelper.java:124)\r\n\tat org.testng.internal.Invoker.invokeMethod(Invoker.java:583)\r\n\tat org.testng.internal.Invoker.invokeTestMethod(Invoker.java:719)\r\n\tat org.testng.internal.Invoker.invokeTestMethods(Invoker.java:989)\r\n\tat org.testng.internal.TestMethodWorker.invokeTestMethods(TestMethodWorker.java:125)\r\n\tat org.testng.internal.TestMethodWorker.run(TestMethodWorker.java:109)\r\n\tat org.testng.TestRunner.privateRun(TestRunner.java:648)\r\n\tat org.testng.TestRunner.run(TestRunner.java:505)\r\n\tat org.testng.SuiteRunner.runTest(SuiteRunner.java:455)\r\n\tat org.testng.SuiteRunner.runSequentially(SuiteRunner.java:450)\r\n\tat org.testng.SuiteRunner.privateRun(SuiteRunner.java:415)\r\n\tat org.testng.SuiteRunner.run(SuiteRunner.java:364)\r\n\tat org.testng.SuiteRunnerWorker.runSuite(SuiteRunnerWorker.java:52)\r\n\tat org.testng.SuiteRunnerWorker.run(SuiteRunnerWorker.java:84)\r\n\tat org.testng.TestNG.runSuitesSequentially(TestNG.java:1208)\r\n\tat org.testng.TestNG.runSuitesLocally(TestNG.java:1137)\r\n\tat org.testng.TestNG.runSuites(TestNG.java:1049)\r\n\tat org.testng.TestNG.run(TestNG.java:1017)\r\n\tat org.apache.maven.surefire.testng.TestNGExecutor.run(TestNGExecutor.java:135)\r\n\tat org.apache.maven.surefire.testng.TestNGDirectoryTestSuite.executeSingleClass(TestNGDirectoryTestSuite.java:112)\r\n\tat org.apache.maven.surefire.testng.TestNGDirectoryTestSuite.execute(TestNGDirectoryTestSuite.java:99)\r\n\tat org.apache.maven.surefire.testng.TestNGProvider.invoke(TestNGProvider.java:146)\r\n\tat org.apache.maven.surefire.booter.ForkedBooter.invokeProviderInSameClassLoader(ForkedBooter.java:384)\r\n\tat org.apache.maven.surefire.booter.ForkedBooter.runSuitesInProcess(ForkedBooter.java:345)\r\n\tat org.apache.maven.surefire.booter.ForkedBooter.execute(ForkedBooter.java:126)\r\n\tat org.apache.maven.surefire.booter.ForkedBooter.main(ForkedBooter.java:418)\r\n"},"stage":"finished","steps":[],"attachments":[],"parameters":[],"start":1667250377970,"stop":1667250377974}],"attachments":[],"parameters":[],"start":1667250362232,"stop":1667250377978,"uuid":"271599de-4720-4ef2-ba80-caaa3d2271f9","historyId":"e9fe206e3691c5e16ee2125ca59dc232","fullName":"Validating Helpmate flows for Genpact Home page: verify the Vtiger Login Page","labels":[{"name":"tag","value":"Regression"},{"name":"tag","value":"Vtiger_10"},{"name":"tag","value":"Tc_001"},{"name":"host","value":"DESKTOP-429CCB1"},{"name":"thread","value":"6244@DESKTOP-429CCB1.main(1)"},{"name":"feature","value":"Validating Helpmate flows for Genpact Home page"},{"name":"story","value":"verify the Vtiger Login Page"},{"name":"package","value":"src.test.resources.features.Validating Helpmate flows for Genpact Home page"},{"name":"suite","value":"Validating Helpmate flows for Genpact Home page"},{"name":"testClass","value":"verify the Vtiger Login Page"},{"name":"framework","value":"cucumber4jvm"},{"name":"language","value":"java"},{"name":"gherkin_uri","value":"file:src/test/resources/features/VtigerLogin.feature"}],"links":[]}