{"name":"User Verify the Feedback From","status":"broken","statusDetails":{"known":false,"muted":false,"flaky":false,"message":"Keys to send should be a not null CharSequence","trace":"java.lang.IllegalArgumentException: Keys to send should be a not null CharSequence\r\n\tat org.openqa.selenium.remote.RemoteWebElement.sendKeys(RemoteWebElement.java:97)\r\n\tat stepdefinition.FeedBack_TestScript.user_enter_username_and_password_by_click_on_SingIn_Page(FeedBack_TestScript.java:53)\r\n\tat ✽.User enter username and password by click on SingIn Page(file:src/test/resources/features/FeedBack.feature:8)\r\n"},"stage":"finished","steps":[{"name":"Given  User navigate the Application Url","status":"passed","statusDetails":{"known":false,"muted":false,"flaky":false},"stage":"finished","steps":[],"attachments":[],"parameters":[],"start":1718533769524,"stop":1718533773905},{"name":"When  User enter username and password by click on SingIn Page","status":"broken","statusDetails":{"known":false,"muted":false,"flaky":false,"message":"Keys to send should be a not null CharSequence","trace":"java.lang.IllegalArgumentException: Keys to send should be a not null CharSequence\r\n\tat org.openqa.selenium.remote.RemoteWebElement.sendKeys(RemoteWebElement.java:97)\r\n\tat stepdefinition.FeedBack_TestScript.user_enter_username_and_password_by_click_on_SingIn_Page(FeedBack_TestScript.java:53)\r\n\tat ✽.User enter username and password by click on SingIn Page(file:src/test/resources/features/FeedBack.feature:8)\r\n"},"stage":"finished","steps":[],"attachments":[],"parameters":[],"start":1718533773905,"stop":1718533773929},{"name":"Then  User Login Sucessfully","status":"skipped","statusDetails":{"known":false,"muted":false,"flaky":false},"stage":"finished","steps":[],"attachments":[],"parameters":[],"start":1718533773930,"stop":1718533773930},{"name":"And  User verify Home Page functionlity","status":"skipped","statusDetails":{"known":false,"muted":false,"flaky":false},"stage":"finished","steps":[],"attachments":[],"parameters":[],"start":1718533773930,"stop":1718533773930},{"name":"And  User verify the Bug DropDown List FeedBack Page","status":"skipped","statusDetails":{"known":false,"muted":false,"flaky":false},"stage":"finished","steps":[],"attachments":[],"parameters":[],"start":1718533773931,"stop":1718533773931}],"attachments":[],"parameters":[],"start":1718533769522,"stop":1718533773931,"uuid":"300cd5cc-12df-4b27-9809-3f480d77840e","historyId":"55ad514fb53181aa2ea0f7fb99a9b3a2","fullName":"Validating to the FeedBackFrom Page: User Verify the Feedback From","labels":[{"name":"tag","value":"Regression"},{"name":"tag","value":"Feddback"},{"name":"tag","value":"TC_001"},{"name":"host","value":"DESKTOP-MVHKLV0"},{"name":"thread","value":"2232@DESKTOP-MVHKLV0.main(1)"},{"name":"feature","value":"Validating to the FeedBackFrom Page"},{"name":"story","value":"User Verify the Feedback From"},{"name":"package","value":"src.test.resources.features.Validating to the FeedBackFrom Page"},{"name":"suite","value":"Validating to the FeedBackFrom Page"},{"name":"testClass","value":"User Verify the Feedback From"},{"name":"framework","value":"cucumber4jvm"},{"name":"language","value":"java"},{"name":"gherkin_uri","value":"file:src/test/resources/features/FeedBack.feature"}],"links":[]}